Copyright 1986-2015 Xilinx, Inc. All Rights Reserved.
------------------------------------------------------------------------------------
| Tool Version : Vivado v.2015.4 (win64) Build 1412921 Wed Nov 18 09:43:45 MST 2015
| Date         : Sat Aug 19 13:46:35 2017
| Host         : Oruklu-PC running 64-bit Service Pack 1  (build 7601)
| Command      : report_timing_summary -file ./report/HLS_hmm_timing_routed.rpt
| Design       : HLS_hmm
| Device       : 7z020-clg484
| Speed File   : -1  PRODUCTION 1.11 2014-09-11
------------------------------------------------------------------------------------

Timing Summary Report

------------------------------------------------------------------------------------------------
| Timer Settings
| --------------
------------------------------------------------------------------------------------------------

  Enable Multi Corner Analysis               :  Yes
  Enable Pessimism Removal                   :  Yes
  Pessimism Removal Resolution               :  Nearest Common Node
  Enable Input Delay Default Clock           :  No
  Enable Preset / Clear Arcs                 :  No
  Disable Flight Delays                      :  No
  Ignore I/O Paths                           :  No
  Timing Early Launch at Borrowing Latches   :  false

  Corner  Analyze    Analyze    
  Name    Max Paths  Min Paths  
  ------  ---------  ---------  
  Slow    Yes        Yes        
  Fast    Yes        Yes        



check_timing report

Table of Contents
-----------------
1. checking no_clock
2. checking constant_clock
3. checking pulse_width_clock
4. checking unconstrained_internal_endpoints
5. checking no_input_delay
6. checking no_output_delay
7. checking multiple_clock
8. checking generated_clocks
9. checking loops
10. checking partial_input_delay
11. checking partial_output_delay
12. checking latch_loops

1. checking no_clock
--------------------
 There are 0 register/latch pins with no clock.


2. checking constant_clock
--------------------------
 There are 0 register/latch pins with constant_clock.


3. checking pulse_width_clock
-----------------------------
 There are 0 register/latch pins which need pulse_width check


4. checking unconstrained_internal_endpoints
--------------------------------------------
 There are 0 pins that are not constrained for maximum delay.

 There are 0 pins that are not constrained for maximum delay due to constant clock.


5. checking no_input_delay
--------------------------
 There are 52 input ports with no input delay specified. (HIGH)

 There are 0 input ports with no input delay but user has a false path constraint.


6. checking no_output_delay
---------------------------
 There are 46 ports with no output delay specified. (HIGH)

 There are 0 ports with no output delay but user has a false path constraint

 There are 0 ports with no output delay but with a timing clock defined on it or propagating through it


7. checking multiple_clock
--------------------------
 There are 0 register/latch pins with multiple clocks.


8. checking generated_clocks
----------------------------
 There are 0 generated clocks that are not connected to a clock source.


9. checking loops
-----------------
 There are 0 combinational loops in the design.


10. checking partial_input_delay
--------------------------------
 There are 0 input ports with partial input delay specified.


11. checking partial_output_delay
---------------------------------
 There are 0 ports with partial output delay specified.


12. checking latch_loops
------------------------
 There are 0 combinational latch loops in the design through latch input



------------------------------------------------------------------------------------------------
| Design Timing Summary
| ---------------------
------------------------------------------------------------------------------------------------

    WNS(ns)      TNS(ns)  TNS Failing Endpoints  TNS Total Endpoints      WHS(ns)      THS(ns)  THS Failing Endpoints  THS Total Endpoints     WPWS(ns)     TPWS(ns)  TPWS Failing Endpoints  TPWS Total Endpoints  
    -------      -------  ---------------------  -------------------      -------      -------  ---------------------  -------------------     --------     --------  ----------------------  --------------------  
      1.277        0.000                      0                 7227        0.036        0.000                      0                 7227        4.020        0.000                       0                  4364  


All user specified timing constraints are met.


------------------------------------------------------------------------------------------------
| Clock Summary
| -------------
------------------------------------------------------------------------------------------------

Clock   Waveform(ns)       Period(ns)      Frequency(MHz)
-----   ------------       ----------      --------------
ap_clk  {0.000 5.000}      10.000          100.000         


------------------------------------------------------------------------------------------------
| Intra Clock Table
| -----------------
------------------------------------------------------------------------------------------------

Clock             WNS(ns)      TNS(ns)  TNS Failing Endpoints  TNS Total Endpoints      WHS(ns)      THS(ns)  THS Failing Endpoints  THS Total Endpoints     WPWS(ns)     TPWS(ns)  TPWS Failing Endpoints  TPWS Total Endpoints  
-----             -------      -------  ---------------------  -------------------      -------      -------  ---------------------  -------------------     --------     --------  ----------------------  --------------------  
ap_clk              1.277        0.000                      0                 7227        0.036        0.000                      0                 7227        4.020        0.000                       0                  4364  


------------------------------------------------------------------------------------------------
| Inter Clock Table
| -----------------
------------------------------------------------------------------------------------------------

From Clock    To Clock          WNS(ns)      TNS(ns)  TNS Failing Endpoints  TNS Total Endpoints      WHS(ns)      THS(ns)  THS Failing Endpoints  THS Total Endpoints  
----------    --------          -------      -------  ---------------------  -------------------      -------      -------  ---------------------  -------------------  


------------------------------------------------------------------------------------------------
| Other Path Groups Table
| -----------------------
------------------------------------------------------------------------------------------------

Path Group    From Clock    To Clock          WNS(ns)      TNS(ns)  TNS Failing Endpoints  TNS Total Endpoints      WHS(ns)      THS(ns)  THS Failing Endpoints  THS Total Endpoints  
----------    ----------    --------          -------      -------  ---------------------  -------------------      -------      -------  ---------------------  -------------------  


------------------------------------------------------------------------------------------------
| Timing Details
| --------------
------------------------------------------------------------------------------------------------


---------------------------------------------------------------------------------------------------
From Clock:  ap_clk
  To Clock:  ap_clk

Setup :            0  Failing Endpoints,  Worst Slack        1.277ns,  Total Violation        0.000ns
Hold  :            0  Failing Endpoints,  Worst Slack        0.036ns,  Total Violation        0.000ns
PW    :            0  Failing Endpoints,  Worst Slack        4.020ns,  Total Violation        0.000ns
---------------------------------------------------------------------------------------------------


Max Delay Paths
--------------------------------------------------------------------------------------
Slack (MET) :             1.277ns  (required time - arrival time)
  Source:                 HLS_hmm_fadd_32ns_32ns_32_5_full_dsp_U0/HLS_hmm_ap_fadd_3_full_dsp_32_u/U0/i_synth/ADDSUB_OP.ADDSUB/SPEED_OP.DSP.OP/DSP48E1_BODY.EXP/BMA_EXP_DELAY/i_pipe/opt_has_pipe.first_q_reg[0]/C
                            (rising edge-triggered cell FDRE clocked by ap_clk  {rise@0.000ns fall@5.000ns period=10.000ns})
  Destination:            HLS_hmm_fadd_32ns_32ns_32_5_full_dsp_U0/HLS_hmm_ap_fadd_3_full_dsp_32_u/U0/i_synth/ADDSUB_OP.ADDSUB/SPEED_OP.DSP.OP/DSP48E1_BODY.ALIGN_ADD/DSP2/DSP/INMODE[1]
                            (rising edge-triggered cell DSP48E1 clocked by ap_clk  {rise@0.000ns fall@5.000ns period=10.000ns})
  Path Group:             ap_clk
  Path Type:              Setup (Max at Slow Process Corner)
  Requirement:            10.000ns  (ap_clk rise@10.000ns - ap_clk rise@0.000ns)
  Data Path Delay:        3.002ns  (logic 0.642ns (21.386%)  route 2.360ns (78.614%))
  Logic Levels:           1  (LUT6=1)
  Clock Path Skew:        -0.128ns (DCD - SCD + CPR)
    Destination Clock Delay (DCD):    1.568ns = ( 11.568 - 10.000 ) 
    Source Clock Delay      (SCD):    1.710ns
    Clock Pessimism Removal (CPR):    0.014ns
  Clock Uncertainty:      0.035ns  ((TSJ^2 + TIJ^2)^1/2 + DJ) / 2 + PE
    Total System Jitter     (TSJ):    0.071ns
    Total Input Jitter      (TIJ):    0.000ns
    Discrete Jitter          (DJ):    0.000ns
    Phase Error              (PE):    0.000ns

    Location             Delay type                Incr(ns)  Path(ns)    Netlist Resource(s)
  -------------------------------------------------------------------    -------------------
                         (clock ap_clk rise edge)     0.000     0.000 r  
                                                      0.000     0.000 r  ap_clk (IN)
                         net (fo=4377, unset)         1.710     1.710    HLS_hmm_fadd_32ns_32ns_32_5_full_dsp_U0/HLS_hmm_ap_fadd_3_full_dsp_32_u/U0/i_synth/ADDSUB_OP.ADDSUB/SPEED_OP.DSP.OP/DSP48E1_BODY.EXP/BMA_EXP_DELAY/i_pipe/aclk
    SLICE_X54Y92         FDRE                                         r  HLS_hmm_fadd_32ns_32ns_32_5_full_dsp_U0/HLS_hmm_ap_fadd_3_full_dsp_32_u/U0/i_synth/ADDSUB_OP.ADDSUB/SPEED_OP.DSP.OP/DSP48E1_BODY.EXP/BMA_EXP_DELAY/i_pipe/opt_has_pipe.first_q_reg[0]/C
  -------------------------------------------------------------------    -------------------
    SLICE_X54Y92         FDRE (Prop_fdre_C_Q)         0.518     2.228 r  HLS_hmm_fadd_32ns_32ns_32_5_full_dsp_U0/HLS_hmm_ap_fadd_3_full_dsp_32_u/U0/i_synth/ADDSUB_OP.ADDSUB/SPEED_OP.DSP.OP/DSP48E1_BODY.EXP/BMA_EXP_DELAY/i_pipe/opt_has_pipe.first_q_reg[0]/Q
                         net (fo=19, routed)          1.593     3.821    HLS_hmm_fadd_32ns_32ns_32_5_full_dsp_U0/HLS_hmm_ap_fadd_3_full_dsp_32_u/U0/i_synth/ADDSUB_OP.ADDSUB/SPEED_OP.DSP.OP/DSP48E1_BODY.EXP/BMA_EXP_DELAY/i_pipe/opt_has_pipe.first_q_reg_n_1_[0]
    SLICE_X36Y92         LUT6 (Prop_lut6_I0_O)        0.124     3.945 r  HLS_hmm_fadd_32ns_32ns_32_5_full_dsp_U0/HLS_hmm_ap_fadd_3_full_dsp_32_u/U0/i_synth/ADDSUB_OP.ADDSUB/SPEED_OP.DSP.OP/DSP48E1_BODY.EXP/BMA_EXP_DELAY/i_pipe/DSP_i_64/O
                         net (fo=2, routed)           0.766     4.712    HLS_hmm_fadd_32ns_32ns_32_5_full_dsp_U0/HLS_hmm_ap_fadd_3_full_dsp_32_u/U0/i_synth/ADDSUB_OP.ADDSUB/SPEED_OP.DSP.OP/DSP48E1_BODY.ALIGN_ADD/DSP2/INMODE[0]
    DSP48_X2Y36          DSP48E1                                      r  HLS_hmm_fadd_32ns_32ns_32_5_full_dsp_U0/HLS_hmm_ap_fadd_3_full_dsp_32_u/U0/i_synth/ADDSUB_OP.ADDSUB/SPEED_OP.DSP.OP/DSP48E1_BODY.ALIGN_ADD/DSP2/DSP/INMODE[1]
  -------------------------------------------------------------------    -------------------

                         (clock ap_clk rise edge)    10.000    10.000 r  
                                                      0.000    10.000 r  ap_clk (IN)
                         net (fo=4377, unset)         1.568    11.568    HLS_hmm_fadd_32ns_32ns_32_5_full_dsp_U0/HLS_hmm_ap_fadd_3_full_dsp_32_u/U0/i_synth/ADDSUB_OP.ADDSUB/SPEED_OP.DSP.OP/DSP48E1_BODY.ALIGN_ADD/DSP2/aclk
    DSP48_X2Y36          DSP48E1                                      r  HLS_hmm_fadd_32ns_32ns_32_5_full_dsp_U0/HLS_hmm_ap_fadd_3_full_dsp_32_u/U0/i_synth/ADDSUB_OP.ADDSUB/SPEED_OP.DSP.OP/DSP48E1_BODY.ALIGN_ADD/DSP2/DSP/CLK
                         clock pessimism              0.014    11.582    
                         clock uncertainty           -0.035    11.546    
    DSP48_X2Y36          DSP48E1 (Setup_dsp48e1_CLK_INMODE[1])
                                                     -5.557     5.989    HLS_hmm_fadd_32ns_32ns_32_5_full_dsp_U0/HLS_hmm_ap_fadd_3_full_dsp_32_u/U0/i_synth/ADDSUB_OP.ADDSUB/SPEED_OP.DSP.OP/DSP48E1_BODY.ALIGN_ADD/DSP2/DSP
  -------------------------------------------------------------------
                         required time                          5.989    
                         arrival time                          -4.712    
  -------------------------------------------------------------------
                         slack                                  1.277    





Min Delay Paths
--------------------------------------------------------------------------------------
Slack (MET) :             0.036ns  (arrival time - required time)
  Source:                 temp_out_2_4_reg_784_reg[16]/C
                            (rising edge-triggered cell FDRE clocked by ap_clk  {rise@0.000ns fall@5.000ns period=10.000ns})
  Destination:            HLS_hmm_fdiv_32ns_32ns_32_16_U8/din0_buf1_reg[16]/D
                            (rising edge-triggered cell FDRE clocked by ap_clk  {rise@0.000ns fall@5.000ns period=10.000ns})
  Path Group:             ap_clk
  Path Type:              Hold (Min at Fast Process Corner)
  Requirement:            0.000ns  (ap_clk rise@0.000ns - ap_clk rise@0.000ns)
  Data Path Delay:        0.406ns  (logic 0.248ns (61.071%)  route 0.158ns (38.929%))
  Logic Levels:           2  (LUT5=1 MUXF7=1)
  Clock Path Skew:        0.265ns (DCD - SCD - CPR)
    Destination Clock Delay (DCD):    0.815ns
    Source Clock Delay      (SCD):    0.545ns
    Clock Pessimism Removal (CPR):    0.005ns

    Location             Delay type                Incr(ns)  Path(ns)    Netlist Resource(s)
  -------------------------------------------------------------------    -------------------
                         (clock ap_clk rise edge)     0.000     0.000 r  
                                                      0.000     0.000 r  ap_clk (IN)
                         net (fo=4377, unset)         0.545     0.545    ap_clk
    SLICE_X51Y82         FDRE                                         r  temp_out_2_4_reg_784_reg[16]/C
  -------------------------------------------------------------------    -------------------
    SLICE_X51Y82         FDRE (Prop_fdre_C_Q)         0.141     0.686 r  temp_out_2_4_reg_784_reg[16]/Q
                         net (fo=2, routed)           0.158     0.844    HLS_hmm_mux_3to1_sel2_32_1_U18/temp_out_2_4_reg_784_reg[31][16]
    SLICE_X49Y81         LUT5 (Prop_lut5_I3_O)        0.045     0.889 r  HLS_hmm_mux_3to1_sel2_32_1_U18/din0_buf1[16]_i_2/O
                         net (fo=1, routed)           0.000     0.889    HLS_hmm_mux_3to1_sel2_32_1_U18/tmp_41_fu_2134_p5[16]
    SLICE_X49Y81         MUXF7 (Prop_muxf7_I0_O)      0.062     0.951 r  HLS_hmm_mux_3to1_sel2_32_1_U18/din0_buf1_reg[16]_i_1/O
                         net (fo=1, routed)           0.000     0.951    HLS_hmm_fdiv_32ns_32ns_32_16_U8/ap_CS_fsm_reg[19][16]
    SLICE_X49Y81         FDRE                                         r  HLS_hmm_fdiv_32ns_32ns_32_16_U8/din0_buf1_reg[16]/D
  -------------------------------------------------------------------    -------------------

                         (clock ap_clk rise edge)     0.000     0.000 r  
                                                      0.000     0.000 r  ap_clk (IN)
                         net (fo=4377, unset)         0.815     0.815    HLS_hmm_fdiv_32ns_32ns_32_16_U8/ap_clk
    SLICE_X49Y81         FDRE                                         r  HLS_hmm_fdiv_32ns_32ns_32_16_U8/din0_buf1_reg[16]/C
                         clock pessimism             -0.005     0.810    
    SLICE_X49Y81         FDRE (Hold_fdre_C_D)         0.105     0.915    HLS_hmm_fdiv_32ns_32ns_32_16_U8/din0_buf1_reg[16]
  -------------------------------------------------------------------
                         required time                         -0.915    
                         arrival time                           0.951    
  -------------------------------------------------------------------
                         slack                                  0.036    





Pulse Width Checks
--------------------------------------------------------------------------------------
Clock Name:         ap_clk
Waveform(ns):       { 0.000 5.000 }
Period(ns):         10.000
Sources:            { ap_clk }

Check Type        Corner  Lib Pin             Reference Pin  Required(ns)  Actual(ns)  Slack(ns)  Location      Pin
Min Period        n/a     RAMB36E1/CLKARDCLK  n/a            2.576         10.000      7.424      RAMB36_X2Y17  ou_U/HLS_hmm_ou_ram_U/ram_reg/CLKARDCLK
Low Pulse Width   Slow    SRL16E/CLK          n/a            0.980         5.000       4.020      SLICE_X46Y91  HLS_hmm_fdiv_32ns_32ns_32_16_U8/HLS_hmm_ap_fdiv_14_no_dsp_32_u/U0/i_synth/DIV_OP.SPD.OP/EXP/EXP_PRE_RND_DEL/i_pipe/opt_has_pipe.i_pipe[11].pipe_reg[11][0]_srl11/CLK
High Pulse Width  Fast    SRL16E/CLK          n/a            0.980         5.000       4.020      SLICE_X42Y78  ap_reg_ppstg_exitcond2_i_i_i_reg_3160_pp11_it13_reg[0]_srl12/CLK



