
*** Running vivado
    with args -log HLS_hmm.vdi -applog -m64 -messageDb vivado.pb -mode batch -source HLS_hmm.tcl -notrace


****** Vivado v2015.4 (64-bit)
  **** SW Build 1412921 on Wed Nov 18 09:43:45 MST 2015
  **** IP Build 1412160 on Tue Nov 17 13:47:24 MST 2015
    ** Copyright 1986-2015 Xilinx, Inc. All Rights Reserved.

source HLS_hmm.tcl -notrace
Command: open_checkpoint C:/Users/Hanyan/Desktop/board2/microzed_axis/solution1/impl/verilog/project.runs/impl_1/HLS_hmm.dcp
INFO: [Netlist 29-17] Analyzing 278 Unisim elements for replacement
INFO: [Netlist 29-28] Unisim Transformation completed in 0 CPU seconds
INFO: [Project 1-479] Netlist was created with Vivado 2015.4
INFO: [Device 21-403] Loading part xc7z020clg484-1
INFO: [Project 1-570] Preparing netlist for logic optimization
Parsing XDC File [C:/Users/Hanyan/Desktop/board2/microzed_axis/solution1/impl/verilog/project.runs/impl_1/.Xil/Vivado-8920-/dcp/HLS_hmm.xdc]
Finished Parsing XDC File [C:/Users/Hanyan/Desktop/board2/microzed_axis/solution1/impl/verilog/project.runs/impl_1/.Xil/Vivado-8920-/dcp/HLS_hmm.xdc]
INFO: [Project 1-111] Unisim Transformation Summary:
No Unisim elements were transformed.

INFO: [Project 1-604] Checkpoint was created with Vivado v2015.4 (64-bit) build 1412921
open_checkpoint: Time (s): cpu = 00:00:06 ; elapsed = 00:00:06 . Memory (MB): peak = 517.371 ; gain = 328.410
Command: opt_design
Attempting to get a license for feature 'Implementation' and/or device 'xc7z020'
INFO: [Common 17-349] Got license for feature 'Implementation' and/or device 'xc7z020'
Running DRC as a precondition to command opt_design

Starting DRC Task
INFO: [DRC 23-27] Running DRC with 2 threads
INFO: [Project 1-461] DRC finished with 0 Errors
INFO: [Project 1-462] Please refer to the DRC report (report_drc) for more information.

Time (s): cpu = 00:00:00 ; elapsed = 00:00:00.247 . Memory (MB): peak = 520.453 ; gain = 3.051
INFO: [Timing 38-35] Done setting XDC timing constraints.

Starting Logic Optimization Task
Implement Debug Cores | Checksum: 4793abf5

Phase 1 Retarget
INFO: [Opt 31-138] Pushed 2 inverter(s) to 34 load pin(s).
INFO: [Opt 31-49] Retargeted 0 cell(s).
Phase 1 Retarget | Checksum: 890ff0cd

Time (s): cpu = 00:00:01 ; elapsed = 00:00:00.522 . Memory (MB): peak = 988.723 ; gain = 0.000

Phase 2 Constant Propagation
INFO: [Opt 31-138] Pushed 0 inverter(s) to 0 load pin(s).
INFO: [Opt 31-10] Eliminated 12 cells.
Phase 2 Constant Propagation | Checksum: 125a2b393

Time (s): cpu = 00:00:02 ; elapsed = 00:00:01 . Memory (MB): peak = 988.723 ; gain = 0.000

Phase 3 Sweep
WARNING: [Opt 31-6] Deleting driverless net: HLS_hmm_fadd_32ns_32ns_32_5_full_dsp_U0/HLS_hmm_ap_fadd_3_full_dsp_32_u/U0/i_synth/ADDSUB_OP.ADDSUB/SPEED_OP.DSP.OP/DSP48E1_BODY.ALIGN_ADD/ZERO_14_DET.ZERO_DET/CARRY_OUT.
WARNING: [Opt 31-6] Deleting driverless net: HLS_hmm_fadd_32ns_32ns_32_5_full_dsp_U1/HLS_hmm_ap_fadd_3_full_dsp_32_u/U0/i_synth/ADDSUB_OP.ADDSUB/SPEED_OP.DSP.OP/DSP48E1_BODY.ALIGN_ADD/ZERO_14_DET.ZERO_DET/CARRYS_OUT[0].
INFO: [Opt 31-12] Eliminated 2646 unconnected nets.
INFO: [Opt 31-11] Eliminated 157 unconnected cells.
Phase 3 Sweep | Checksum: 7274fa63

Time (s): cpu = 00:00:02 ; elapsed = 00:00:02 . Memory (MB): peak = 988.723 ; gain = 0.000

Starting Connectivity Check Task

Time (s): cpu = 00:00:00 ; elapsed = 00:00:00.029 . Memory (MB): peak = 988.723 ; gain = 0.000
Ending Logic Optimization Task | Checksum: 7274fa63

Time (s): cpu = 00:00:03 ; elapsed = 00:00:02 . Memory (MB): peak = 988.723 ; gain = 0.000

Starting Power Optimization Task
INFO: [Pwropt 34-132] Skipping clock gating for clocks with a period < 2.00 ns.
INFO: [Pwropt 34-9] Applying IDT optimizations ...
INFO: [Pwropt 34-10] Applying ODC optimizations ...
INFO: [Timing 38-35] Done setting XDC timing constraints.
Running Vector-less Activity Propagation...

Finished Running Vector-less Activity Propagation


Starting PowerOpt Patch Enables Task
INFO: [Pwropt 34-162] WRITE_MODE attribute of 0 BRAM(s) out of a total of 1 has been updated to save power. Run report_power_opt to get a complete listing of the BRAMs updated.
INFO: [Pwropt 34-201] Structural ODC has moved 0 WE to EN ports
Number of BRAM Ports augmented: 0 newly gated: 0 Total Ports: 2
Ending PowerOpt Patch Enables Task | Checksum: 7274fa63

Time (s): cpu = 00:00:00 ; elapsed = 00:00:00.026 . Memory (MB): peak = 1055.352 ; gain = 0.000
Ending Power Optimization Task | Checksum: 7274fa63

Time (s): cpu = 00:00:03 ; elapsed = 00:00:02 . Memory (MB): peak = 1055.352 ; gain = 66.629
INFO: [Common 17-83] Releasing license: Implementation
25 Infos, 2 Warnings, 0 Critical Warnings and 0 Errors encountered.
opt_design completed successfully
opt_design: Time (s): cpu = 00:00:19 ; elapsed = 00:00:18 . Memory (MB): peak = 1055.352 ; gain = 537.980
INFO: [Timing 38-35] Done setting XDC timing constraints.
INFO: [DRC 23-27] Running DRC with 2 threads
INFO: [Coretcl 2-168] The results of DRC are in file C:/Users/Hanyan/Desktop/board2/microzed_axis/solution1/impl/verilog/project.runs/impl_1/HLS_hmm_drc_opted.rpt.
INFO: [Vivado_Tcl 4-424] Cannot write hardware definition file as there are no IPI block design hardware handoff files present
Command: place_design
Attempting to get a license for feature 'Implementation' and/or device 'xc7z020'
INFO: [Common 17-349] Got license for feature 'Implementation' and/or device 'xc7z020'
INFO: [DRC 23-27] Running DRC with 2 threads
INFO: [Vivado_Tcl 4-198] DRC finished with 0 Errors
INFO: [Vivado_Tcl 4-199] Please refer to the DRC report (report_drc) for more information.
Running DRC as a precondition to command place_design
INFO: [DRC 23-27] Running DRC with 2 threads
INFO: [DRC 23-20] Rule violation (REQP-1725) DSP_Abus_sign_bit_alert - HLS_hmm_fadd_32ns_32ns_32_5_full_dsp_U0/HLS_hmm_ap_fadd_3_full_dsp_32_u/U0/i_synth/ADDSUB_OP.ADDSUB/SPEED_OP.DSP.OP/DSP48E1_BODY.ALIGN_ADD/DSP2/DSP: When using the PreAdder and USE_DPORT is TRUE, the A operand should be restricted to 24 bit two's complement (and sign extended) to avoid over/underflow in the pre-add stage.
INFO: [DRC 23-20] Rule violation (REQP-1725) DSP_Abus_sign_bit_alert - HLS_hmm_fadd_32ns_32ns_32_5_full_dsp_U1/HLS_hmm_ap_fadd_3_full_dsp_32_u/U0/i_synth/ADDSUB_OP.ADDSUB/SPEED_OP.DSP.OP/DSP48E1_BODY.ALIGN_ADD/DSP2/DSP: When using the PreAdder and USE_DPORT is TRUE, the A operand should be restricted to 24 bit two's complement (and sign extended) to avoid over/underflow in the pre-add stage.
INFO: [Vivado_Tcl 4-198] DRC finished with 0 Errors, 2 Advisories
INFO: [Vivado_Tcl 4-199] Please refer to the DRC report (report_drc) for more information.

Starting Placer Task
INFO: [Place 30-611] Multithreading enabled for place_design using a maximum of 2 CPUs

Phase 1 Placer Initialization
Netlist sorting complete. Time (s): cpu = 00:00:00 ; elapsed = 00:00:00.030 . Memory (MB): peak = 1055.352 ; gain = 0.000
Netlist sorting complete. Time (s): cpu = 00:00:00 ; elapsed = 00:00:00.016 . Memory (MB): peak = 1055.352 ; gain = 0.000

Phase 1.1 IO Placement/ Clock Placement/ Build Placer Device

Phase 1.1.1 Pre-Place Cells
Phase 1.1.1 Pre-Place Cells | Checksum: 00000000

Time (s): cpu = 00:00:00 ; elapsed = 00:00:00.147 . Memory (MB): peak = 1055.352 ; gain = 0.000

Phase 1.1.2 IO and Clk Clean Up
Phase 1.1.2 IO and Clk Clean Up | Checksum: 00000000

Time (s): cpu = 00:00:04 ; elapsed = 00:00:04 . Memory (MB): peak = 1055.352 ; gain = 0.000

Phase 1.1.3 Implementation Feasibility check On IDelay
Phase 1.1.3 Implementation Feasibility check On IDelay | Checksum: 00000000

Time (s): cpu = 00:00:04 ; elapsed = 00:00:04 . Memory (MB): peak = 1055.352 ; gain = 0.000

Phase 1.1.4 Commit IO Placement
Phase 1.1.4 Commit IO Placement | Checksum: 00000000

Time (s): cpu = 00:00:04 ; elapsed = 00:00:04 . Memory (MB): peak = 1055.352 ; gain = 0.000
Phase 1.1 IO Placement/ Clock Placement/ Build Placer Device | Checksum: d4e7493f

Time (s): cpu = 00:00:04 ; elapsed = 00:00:04 . Memory (MB): peak = 1055.352 ; gain = 0.000

Phase 1.2 Build Placer Netlist Model

Phase 1.2.1 Place Init Design

Phase 1.2.1.1 Init Lut Pin Assignment
Phase 1.2.1.1 Init Lut Pin Assignment | Checksum: 1ce23cef4

Time (s): cpu = 00:00:04 ; elapsed = 00:00:04 . Memory (MB): peak = 1055.352 ; gain = 0.000
Phase 1.2.1 Place Init Design | Checksum: 19ee1bafa

Time (s): cpu = 00:00:07 ; elapsed = 00:00:06 . Memory (MB): peak = 1055.352 ; gain = 0.000
Phase 1.2 Build Placer Netlist Model | Checksum: 19ee1bafa

Time (s): cpu = 00:00:07 ; elapsed = 00:00:06 . Memory (MB): peak = 1055.352 ; gain = 0.000

Phase 1.3 Constrain Clocks/Macros

Phase 1.3.1 Constrain Global/Regional Clocks
Phase 1.3.1 Constrain Global/Regional Clocks | Checksum: 19ee1bafa

Time (s): cpu = 00:00:07 ; elapsed = 00:00:06 . Memory (MB): peak = 1055.352 ; gain = 0.000
Phase 1.3 Constrain Clocks/Macros | Checksum: 19ee1bafa

Time (s): cpu = 00:00:07 ; elapsed = 00:00:06 . Memory (MB): peak = 1055.352 ; gain = 0.000
Phase 1 Placer Initialization | Checksum: 19ee1bafa

Time (s): cpu = 00:00:07 ; elapsed = 00:00:06 . Memory (MB): peak = 1055.352 ; gain = 0.000

Phase 2 Global Placement
Phase 2 Global Placement | Checksum: 2485a4591

Time (s): cpu = 00:00:14 ; elapsed = 00:00:10 . Memory (MB): peak = 1055.352 ; gain = 0.000

Phase 3 Detail Placement

Phase 3.1 Commit Multi Column Macros
Phase 3.1 Commit Multi Column Macros | Checksum: 2485a4591

Time (s): cpu = 00:00:14 ; elapsed = 00:00:10 . Memory (MB): peak = 1055.352 ; gain = 0.000

Phase 3.2 Commit Most Macros & LUTRAMs
Phase 3.2 Commit Most Macros & LUTRAMs | Checksum: 27a4c38f5

Time (s): cpu = 00:00:16 ; elapsed = 00:00:12 . Memory (MB): peak = 1055.352 ; gain = 0.000

Phase 3.3 Area Swap Optimization
Phase 3.3 Area Swap Optimization | Checksum: 20f391980

Time (s): cpu = 00:00:16 ; elapsed = 00:00:12 . Memory (MB): peak = 1055.352 ; gain = 0.000

Phase 3.4 updateClock Trees: DP
Phase 3.4 updateClock Trees: DP | Checksum: 20f391980

Time (s): cpu = 00:00:16 ; elapsed = 00:00:12 . Memory (MB): peak = 1055.352 ; gain = 0.000

Phase 3.5 Timing Path Optimizer
Phase 3.5 Timing Path Optimizer | Checksum: 185481944

Time (s): cpu = 00:00:17 ; elapsed = 00:00:12 . Memory (MB): peak = 1055.352 ; gain = 0.000

Phase 3.6 Fast Optimization
Phase 3.6 Fast Optimization | Checksum: 185481944

Time (s): cpu = 00:00:17 ; elapsed = 00:00:12 . Memory (MB): peak = 1055.352 ; gain = 0.000

Phase 3.7 Small Shape Detail Placement

Phase 3.7.1 Commit Small Macros and Core Logic

Phase 3.7.1.1 Commit Slice Clusters
Phase 3.7.1.1 Commit Slice Clusters | Checksum: 1ccd14045

Time (s): cpu = 00:00:19 ; elapsed = 00:00:14 . Memory (MB): peak = 1055.352 ; gain = 0.000
Phase 3.7.1 Commit Small Macros and Core Logic | Checksum: 1ccd14045

Time (s): cpu = 00:00:19 ; elapsed = 00:00:14 . Memory (MB): peak = 1055.352 ; gain = 0.000

Phase 3.7.2 Clock Restriction Legalization for Leaf Columns
Phase 3.7.2 Clock Restriction Legalization for Leaf Columns | Checksum: 1ccd14045

Time (s): cpu = 00:00:19 ; elapsed = 00:00:14 . Memory (MB): peak = 1055.352 ; gain = 0.000

Phase 3.7.3 Clock Restriction Legalization for Non-Clock Pins
Phase 3.7.3 Clock Restriction Legalization for Non-Clock Pins | Checksum: 1ccd14045

Time (s): cpu = 00:00:19 ; elapsed = 00:00:14 . Memory (MB): peak = 1055.352 ; gain = 0.000
Phase 3.7 Small Shape Detail Placement | Checksum: 1ccd14045

Time (s): cpu = 00:00:19 ; elapsed = 00:00:15 . Memory (MB): peak = 1055.352 ; gain = 0.000

Phase 3.8 Re-assign LUT pins
Phase 3.8 Re-assign LUT pins | Checksum: 121760e9b

Time (s): cpu = 00:00:19 ; elapsed = 00:00:15 . Memory (MB): peak = 1055.352 ; gain = 0.000
Phase 3 Detail Placement | Checksum: 121760e9b

Time (s): cpu = 00:00:19 ; elapsed = 00:00:15 . Memory (MB): peak = 1055.352 ; gain = 0.000

Phase 4 Post Placement Optimization and Clean-Up

Phase 4.1 Post Commit Optimization

Phase 4.1.1 callUpdateTimingBeforePCO
Phase 4.1.1 callUpdateTimingBeforePCO | Checksum: 1d03a2cad

Time (s): cpu = 00:00:21 ; elapsed = 00:00:16 . Memory (MB): peak = 1055.352 ; gain = 0.000

Phase 4.1.2 updateClock Trees: PCOPT
Phase 4.1.2 updateClock Trees: PCOPT | Checksum: 1d03a2cad

Time (s): cpu = 00:00:21 ; elapsed = 00:00:16 . Memory (MB): peak = 1055.352 ; gain = 0.000

Phase 4.1.3 Post Placement Optimization

Phase 4.1.3.1 PCOPT Shape updates

Phase 4.1.3.1.1 removeOptionalFFsFromShapes
Phase 4.1.3.1.1 removeOptionalFFsFromShapes | Checksum: 1d03a2cad

Time (s): cpu = 00:00:21 ; elapsed = 00:00:16 . Memory (MB): peak = 1055.352 ; gain = 0.000

Phase 4.1.3.1.2 deleteLutnmShapes

Phase 4.1.3.1.2.1 deleteShapes
Phase 4.1.3.1.2.1 deleteShapes | Checksum: 135903b7d

Time (s): cpu = 00:00:21 ; elapsed = 00:00:16 . Memory (MB): peak = 1055.352 ; gain = 0.000
Phase 4.1.3.1.2 deleteLutnmShapes | Checksum: 135903b7d

Time (s): cpu = 00:00:21 ; elapsed = 00:00:16 . Memory (MB): peak = 1055.352 ; gain = 0.000
Phase 4.1.3.1 PCOPT Shape updates | Checksum: 135903b7d

Time (s): cpu = 00:00:22 ; elapsed = 00:00:16 . Memory (MB): peak = 1055.352 ; gain = 0.000

Phase 4.1.3.2 Post Placement Timing Optimization
INFO: [Place 30-746] Post Placement Timing Summary WNS=1.328. For the most accurate timing information please run report_timing.
Phase 4.1.3.2 Post Placement Timing Optimization | Checksum: 12f6fb5b5

Time (s): cpu = 00:00:22 ; elapsed = 00:00:16 . Memory (MB): peak = 1055.352 ; gain = 0.000
Phase 4.1.3 Post Placement Optimization | Checksum: 12f6fb5b5

Time (s): cpu = 00:00:22 ; elapsed = 00:00:16 . Memory (MB): peak = 1055.352 ; gain = 0.000
Phase 4.1 Post Commit Optimization | Checksum: 12f6fb5b5

Time (s): cpu = 00:00:22 ; elapsed = 00:00:16 . Memory (MB): peak = 1055.352 ; gain = 0.000

Phase 4.2 Sweep Clock Roots: Post-Placement
Phase 4.2 Sweep Clock Roots: Post-Placement | Checksum: 12f6fb5b5

Time (s): cpu = 00:00:22 ; elapsed = 00:00:16 . Memory (MB): peak = 1055.352 ; gain = 0.000

Phase 4.3 Post Placement Cleanup
Phase 4.3 Post Placement Cleanup | Checksum: 12f6fb5b5

Time (s): cpu = 00:00:22 ; elapsed = 00:00:16 . Memory (MB): peak = 1055.352 ; gain = 0.000

Phase 4.4 Placer Reporting

Phase 4.4.1 Restore STA
Phase 4.4.1 Restore STA | Checksum: 12f6fb5b5

Time (s): cpu = 00:00:22 ; elapsed = 00:00:16 . Memory (MB): peak = 1055.352 ; gain = 0.000
Phase 4.4 Placer Reporting | Checksum: 12f6fb5b5

Time (s): cpu = 00:00:22 ; elapsed = 00:00:16 . Memory (MB): peak = 1055.352 ; gain = 0.000

Phase 4.5 Final Placement Cleanup
Phase 4.5 Final Placement Cleanup | Checksum: 11293244d

Time (s): cpu = 00:00:22 ; elapsed = 00:00:16 . Memory (MB): peak = 1055.352 ; gain = 0.000
Phase 4 Post Placement Optimization and Clean-Up | Checksum: 11293244d

Time (s): cpu = 00:00:22 ; elapsed = 00:00:16 . Memory (MB): peak = 1055.352 ; gain = 0.000
Ending Placer Task | Checksum: 6246f88b

Time (s): cpu = 00:00:22 ; elapsed = 00:00:17 . Memory (MB): peak = 1055.352 ; gain = 0.000
INFO: [Common 17-83] Releasing license: Implementation
41 Infos, 2 Warnings, 0 Critical Warnings and 0 Errors encountered.
place_design completed successfully
place_design: Time (s): cpu = 00:00:24 ; elapsed = 00:00:18 . Memory (MB): peak = 1055.352 ; gain = 0.000
Writing placer database...
Writing XDEF routing.
Writing XDEF routing logical nets.
Writing XDEF routing special nets.
Write XDEF Complete: Time (s): cpu = 00:00:02 ; elapsed = 00:00:00.739 . Memory (MB): peak = 1055.352 ; gain = 0.000
report_io: Time (s): cpu = 00:00:00 ; elapsed = 00:00:00.077 . Memory (MB): peak = 1055.352 ; gain = 0.000
report_utilization: Time (s): cpu = 00:00:01 ; elapsed = 00:00:00.057 . Memory (MB): peak = 1055.352 ; gain = 0.000
report_control_sets: Time (s): cpu = 00:00:00 ; elapsed = 00:00:00.027 . Memory (MB): peak = 1055.352 ; gain = 0.000
Command: phys_opt_design
Attempting to get a license for feature 'Implementation' and/or device 'xc7z020'
INFO: [Common 17-349] Got license for feature 'Implementation' and/or device 'xc7z020'

Starting Physical Synthesis Task

Phase 1 Physical Synthesis Initialization
INFO: [Physopt 32-721] Multithreading enabled for phys_opt_design using a maximum of 2 CPUs
Phase 1 Physical Synthesis Initialization | Checksum: 1690aeb51

Time (s): cpu = 00:00:02 ; elapsed = 00:00:02 . Memory (MB): peak = 1055.352 ; gain = 0.000
INFO: [Vivado_Tcl 4-383] Design worst setup slack (WNS) is greater than or equal to 0.500 ns. Skipping all physical synthesis optimizations.
INFO: [Vivado_Tcl 4-232] No setup violation found. The netlist was not modified.
Ending Physical Synthesis Task | Checksum: 14b862608
----- Checksum: : 1326957c6 : 191cce42 

Time (s): cpu = 00:00:03 ; elapsed = 00:00:02 . Memory (MB): peak = 1055.352 ; gain = 0.000
INFO: [Common 17-83] Releasing license: Implementation
46 Infos, 2 Warnings, 0 Critical Warnings and 0 Errors encountered.
phys_opt_design completed successfully
Writing placer database...
Writing XDEF routing.
Writing XDEF routing logical nets.
Writing XDEF routing special nets.
Write XDEF Complete: Time (s): cpu = 00:00:02 ; elapsed = 00:00:00.730 . Memory (MB): peak = 1055.352 ; gain = 0.000
Command: route_design
Attempting to get a license for feature 'Implementation' and/or device 'xc7z020'
INFO: [Common 17-349] Got license for feature 'Implementation' and/or device 'xc7z020'
Running DRC as a precondition to command route_design
INFO: [DRC 23-27] Running DRC with 2 threads
INFO: [Vivado_Tcl 4-198] DRC finished with 0 Errors
INFO: [Vivado_Tcl 4-199] Please refer to the DRC report (report_drc) for more information.


Starting Routing Task
INFO: [Route 35-254] Multithreading enabled for route_design using a maximum of 2 CPUs
Checksum: PlaceDB: 45191e5e ConstDB: 0 ShapeSum: a82f0755 RouteDB: 191cce42

Phase 1 Build RT Design
WARNING: [Route 35-198] Port "s_axi_CONTROL_BUS_WSTRB[0]" does not have an associated HD.PARTPIN_LOCS, which will prevent the partial routing of the signal "s_axi_CONTROL_BUS_WSTRB[0]". Without this partial route, timing analysis to/from this port will not be accurate, and no routing information for this port can be exported.
WARNING: [Route 35-198] Port "s_axi_CONTROL_BUS_WVALID" does not have an associated HD.PARTPIN_LOCS, which will prevent the partial routing of the signal "s_axi_CONTROL_BUS_WVALID". Without this partial route, timing analysis to/from this port will not be accurate, and no routing information for this port can be exported.
WARNING: [Route 35-198] Port "s_axi_CONTROL_BUS_AWADDR[0]" does not have an associated HD.PARTPIN_LOCS, which will prevent the partial routing of the signal "s_axi_CONTROL_BUS_AWADDR[0]". Without this partial route, timing analysis to/from this port will not be accurate, and no routing information for this port can be exported.
WARNING: [Route 35-198] Port "s_axi_CONTROL_BUS_AWADDR[1]" does not have an associated HD.PARTPIN_LOCS, which will prevent the partial routing of the signal "s_axi_CONTROL_BUS_AWADDR[1]". Without this partial route, timing analysis to/from this port will not be accurate, and no routing information for this port can be exported.
WARNING: [Route 35-198] Port "s_axi_CONTROL_BUS_AWVALID" does not have an associated HD.PARTPIN_LOCS, which will prevent the partial routing of the signal "s_axi_CONTROL_BUS_AWVALID". Without this partial route, timing analysis to/from this port will not be accurate, and no routing information for this port can be exported.
WARNING: [Route 35-198] Port "s_axi_CONTROL_BUS_BREADY" does not have an associated HD.PARTPIN_LOCS, which will prevent the partial routing of the signal "s_axi_CONTROL_BUS_BREADY". Without this partial route, timing analysis to/from this port will not be accurate, and no routing information for this port can be exported.
WARNING: [Route 35-198] Port "INPUT_STREAM_TDATA[17]" does not have an associated HD.PARTPIN_LOCS, which will prevent the partial routing of the signal "INPUT_STREAM_TDATA[17]". Without this partial route, timing analysis to/from this port will not be accurate, and no routing information for this port can be exported.
WARNING: [Route 35-198] Port "INPUT_STREAM_TDATA[19]" does not have an associated HD.PARTPIN_LOCS, which will prevent the partial routing of the signal "INPUT_STREAM_TDATA[19]". Without this partial route, timing analysis to/from this port will not be accurate, and no routing information for this port can be exported.
WARNING: [Route 35-198] Port "INPUT_STREAM_TDATA[31]" does not have an associated HD.PARTPIN_LOCS, which will prevent the partial routing of the signal "INPUT_STREAM_TDATA[31]". Without this partial route, timing analysis to/from this port will not be accurate, and no routing information for this port can be exported.
WARNING: [Route 35-198] Port "INPUT_STREAM_TDATA[4]" does not have an associated HD.PARTPIN_LOCS, which will prevent the partial routing of the signal "INPUT_STREAM_TDATA[4]". Without this partial route, timing analysis to/from this port will not be accurate, and no routing information for this port can be exported.
WARNING: [Route 35-198] Port "INPUT_STREAM_TDATA[6]" does not have an associated HD.PARTPIN_LOCS, which will prevent the partial routing of the signal "INPUT_STREAM_TDATA[6]". Without this partial route, timing analysis to/from this port will not be accurate, and no routing information for this port can be exported.
WARNING: [Route 35-198] Port "INPUT_STREAM_TDATA[8]" does not have an associated HD.PARTPIN_LOCS, which will prevent the partial routing of the signal "INPUT_STREAM_TDATA[8]". Without this partial route, timing analysis to/from this port will not be accurate, and no routing information for this port can be exported.
WARNING: [Route 35-198] Port "INPUT_STREAM_TVALID" does not have an associated HD.PARTPIN_LOCS, which will prevent the partial routing of the signal "INPUT_STREAM_TVALID". Without this partial route, timing analysis to/from this port will not be accurate, and no routing information for this port can be exported.
WARNING: [Route 35-198] Port "ap_rst_n" does not have an associated HD.PARTPIN_LOCS, which will prevent the partial routing of the signal "ap_rst_n". Without this partial route, timing analysis to/from this port will not be accurate, and no routing information for this port can be exported.
WARNING: [Route 35-198] Port "s_axi_CONTROL_BUS_WDATA[0]" does not have an associated HD.PARTPIN_LOCS, which will prevent the partial routing of the signal "s_axi_CONTROL_BUS_WDATA[0]". Without this partial route, timing analysis to/from this port will not be accurate, and no routing information for this port can be exported.
WARNING: [Route 35-198] Port "s_axi_CONTROL_BUS_ARADDR[3]" does not have an associated HD.PARTPIN_LOCS, which will prevent the partial routing of the signal "s_axi_CONTROL_BUS_ARADDR[3]". Without this partial route, timing analysis to/from this port will not be accurate, and no routing information for this port can be exported.
WARNING: [Route 35-198] Port "s_axi_CONTROL_BUS_ARADDR[2]" does not have an associated HD.PARTPIN_LOCS, which will prevent the partial routing of the signal "s_axi_CONTROL_BUS_ARADDR[2]". Without this partial route, timing analysis to/from this port will not be accurate, and no routing information for this port can be exported.
WARNING: [Route 35-198] Port "s_axi_CONTROL_BUS_ARADDR[0]" does not have an associated HD.PARTPIN_LOCS, which will prevent the partial routing of the signal "s_axi_CONTROL_BUS_ARADDR[0]". Without this partial route, timing analysis to/from this port will not be accurate, and no routing information for this port can be exported.
WARNING: [Route 35-198] Port "s_axi_CONTROL_BUS_ARADDR[1]" does not have an associated HD.PARTPIN_LOCS, which will prevent the partial routing of the signal "s_axi_CONTROL_BUS_ARADDR[1]". Without this partial route, timing analysis to/from this port will not be accurate, and no routing information for this port can be exported.
WARNING: [Route 35-198] Port "INPUT_STREAM_TDATA[0]" does not have an associated HD.PARTPIN_LOCS, which will prevent the partial routing of the signal "INPUT_STREAM_TDATA[0]". Without this partial route, timing analysis to/from this port will not be accurate, and no routing information for this port can be exported.
WARNING: [Route 35-198] Port "INPUT_STREAM_TDATA[15]" does not have an associated HD.PARTPIN_LOCS, which will prevent the partial routing of the signal "INPUT_STREAM_TDATA[15]". Without this partial route, timing analysis to/from this port will not be accurate, and no routing information for this port can be exported.
WARNING: [Route 35-198] Port "INPUT_STREAM_TDATA[9]" does not have an associated HD.PARTPIN_LOCS, which will prevent the partial routing of the signal "INPUT_STREAM_TDATA[9]". Without this partial route, timing analysis to/from this port will not be accurate, and no routing information for this port can be exported.
WARNING: [Route 35-198] Port "INPUT_STREAM_TDATA[16]" does not have an associated HD.PARTPIN_LOCS, which will prevent the partial routing of the signal "INPUT_STREAM_TDATA[16]". Without this partial route, timing analysis to/from this port will not be accurate, and no routing information for this port can be exported.
WARNING: [Route 35-198] Port "INPUT_STREAM_TDATA[1]" does not have an associated HD.PARTPIN_LOCS, which will prevent the partial routing of the signal "INPUT_STREAM_TDATA[1]". Without this partial route, timing analysis to/from this port will not be accurate, and no routing information for this port can be exported.
WARNING: [Route 35-198] Port "INPUT_STREAM_TDATA[2]" does not have an associated HD.PARTPIN_LOCS, which will prevent the partial routing of the signal "INPUT_STREAM_TDATA[2]". Without this partial route, timing analysis to/from this port will not be accurate, and no routing information for this port can be exported.
WARNING: [Route 35-198] Port "INPUT_STREAM_TDATA[7]" does not have an associated HD.PARTPIN_LOCS, which will prevent the partial routing of the signal "INPUT_STREAM_TDATA[7]". Without this partial route, timing analysis to/from this port will not be accurate, and no routing information for this port can be exported.
WARNING: [Route 35-198] Port "s_axi_CONTROL_BUS_WDATA[7]" does not have an associated HD.PARTPIN_LOCS, which will prevent the partial routing of the signal "s_axi_CONTROL_BUS_WDATA[7]". Without this partial route, timing analysis to/from this port will not be accurate, and no routing information for this port can be exported.
WARNING: [Route 35-198] Port "s_axi_CONTROL_BUS_WDATA[1]" does not have an associated HD.PARTPIN_LOCS, which will prevent the partial routing of the signal "s_axi_CONTROL_BUS_WDATA[1]". Without this partial route, timing analysis to/from this port will not be accurate, and no routing information for this port can be exported.
WARNING: [Route 35-198] Port "s_axi_CONTROL_BUS_ARVALID" does not have an associated HD.PARTPIN_LOCS, which will prevent the partial routing of the signal "s_axi_CONTROL_BUS_ARVALID". Without this partial route, timing analysis to/from this port will not be accurate, and no routing information for this port can be exported.
WARNING: [Route 35-198] Port "OUTPUT_STREAM_TREADY" does not have an associated HD.PARTPIN_LOCS, which will prevent the partial routing of the signal "OUTPUT_STREAM_TREADY". Without this partial route, timing analysis to/from this port will not be accurate, and no routing information for this port can be exported.
WARNING: [Route 35-198] Port "s_axi_CONTROL_BUS_AWADDR[2]" does not have an associated HD.PARTPIN_LOCS, which will prevent the partial routing of the signal "s_axi_CONTROL_BUS_AWADDR[2]". Without this partial route, timing analysis to/from this port will not be accurate, and no routing information for this port can be exported.
WARNING: [Route 35-198] Port "s_axi_CONTROL_BUS_AWADDR[3]" does not have an associated HD.PARTPIN_LOCS, which will prevent the partial routing of the signal "s_axi_CONTROL_BUS_AWADDR[3]". Without this partial route, timing analysis to/from this port will not be accurate, and no routing information for this port can be exported.
WARNING: [Route 35-198] Port "INPUT_STREAM_TDATA[22]" does not have an associated HD.PARTPIN_LOCS, which will prevent the partial routing of the signal "INPUT_STREAM_TDATA[22]". Without this partial route, timing analysis to/from this port will not be accurate, and no routing information for this port can be exported.
WARNING: [Route 35-198] Port "INPUT_STREAM_TDATA[10]" does not have an associated HD.PARTPIN_LOCS, which will prevent the partial routing of the signal "INPUT_STREAM_TDATA[10]". Without this partial route, timing analysis to/from this port will not be accurate, and no routing information for this port can be exported.
WARNING: [Route 35-198] Port "INPUT_STREAM_TDATA[11]" does not have an associated HD.PARTPIN_LOCS, which will prevent the partial routing of the signal "INPUT_STREAM_TDATA[11]". Without this partial route, timing analysis to/from this port will not be accurate, and no routing information for this port can be exported.
WARNING: [Route 35-198] Port "INPUT_STREAM_TDATA[12]" does not have an associated HD.PARTPIN_LOCS, which will prevent the partial routing of the signal "INPUT_STREAM_TDATA[12]". Without this partial route, timing analysis to/from this port will not be accurate, and no routing information for this port can be exported.
WARNING: [Route 35-198] Port "INPUT_STREAM_TDATA[13]" does not have an associated HD.PARTPIN_LOCS, which will prevent the partial routing of the signal "INPUT_STREAM_TDATA[13]". Without this partial route, timing analysis to/from this port will not be accurate, and no routing information for this port can be exported.
WARNING: [Route 35-198] Port "s_axi_CONTROL_BUS_RREADY" does not have an associated HD.PARTPIN_LOCS, which will prevent the partial routing of the signal "s_axi_CONTROL_BUS_RREADY". Without this partial route, timing analysis to/from this port will not be accurate, and no routing information for this port can be exported.
WARNING: [Route 35-198] Port "INPUT_STREAM_TDATA[5]" does not have an associated HD.PARTPIN_LOCS, which will prevent the partial routing of the signal "INPUT_STREAM_TDATA[5]". Without this partial route, timing analysis to/from this port will not be accurate, and no routing information for this port can be exported.
WARNING: [Route 35-198] Port "INPUT_STREAM_TDATA[14]" does not have an associated HD.PARTPIN_LOCS, which will prevent the partial routing of the signal "INPUT_STREAM_TDATA[14]". Without this partial route, timing analysis to/from this port will not be accurate, and no routing information for this port can be exported.
WARNING: [Route 35-198] Port "INPUT_STREAM_TDATA[3]" does not have an associated HD.PARTPIN_LOCS, which will prevent the partial routing of the signal "INPUT_STREAM_TDATA[3]". Without this partial route, timing analysis to/from this port will not be accurate, and no routing information for this port can be exported.
WARNING: [Route 35-198] Port "INPUT_STREAM_TDATA[25]" does not have an associated HD.PARTPIN_LOCS, which will prevent the partial routing of the signal "INPUT_STREAM_TDATA[25]". Without this partial route, timing analysis to/from this port will not be accurate, and no routing information for this port can be exported.
WARNING: [Route 35-198] Port "INPUT_STREAM_TDATA[26]" does not have an associated HD.PARTPIN_LOCS, which will prevent the partial routing of the signal "INPUT_STREAM_TDATA[26]". Without this partial route, timing analysis to/from this port will not be accurate, and no routing information for this port can be exported.
WARNING: [Route 35-198] Port "INPUT_STREAM_TDATA[29]" does not have an associated HD.PARTPIN_LOCS, which will prevent the partial routing of the signal "INPUT_STREAM_TDATA[29]". Without this partial route, timing analysis to/from this port will not be accurate, and no routing information for this port can be exported.
WARNING: [Route 35-198] Port "INPUT_STREAM_TDATA[30]" does not have an associated HD.PARTPIN_LOCS, which will prevent the partial routing of the signal "INPUT_STREAM_TDATA[30]". Without this partial route, timing analysis to/from this port will not be accurate, and no routing information for this port can be exported.
WARNING: [Route 35-198] Port "INPUT_STREAM_TDATA[18]" does not have an associated HD.PARTPIN_LOCS, which will prevent the partial routing of the signal "INPUT_STREAM_TDATA[18]". Without this partial route, timing analysis to/from this port will not be accurate, and no routing information for this port can be exported.
WARNING: [Route 35-198] Port "INPUT_STREAM_TDATA[20]" does not have an associated HD.PARTPIN_LOCS, which will prevent the partial routing of the signal "INPUT_STREAM_TDATA[20]". Without this partial route, timing analysis to/from this port will not be accurate, and no routing information for this port can be exported.
WARNING: [Route 35-198] Port "INPUT_STREAM_TDATA[21]" does not have an associated HD.PARTPIN_LOCS, which will prevent the partial routing of the signal "INPUT_STREAM_TDATA[21]". Without this partial route, timing analysis to/from this port will not be accurate, and no routing information for this port can be exported.
WARNING: [Route 35-198] Port "INPUT_STREAM_TDATA[23]" does not have an associated HD.PARTPIN_LOCS, which will prevent the partial routing of the signal "INPUT_STREAM_TDATA[23]". Without this partial route, timing analysis to/from this port will not be accurate, and no routing information for this port can be exported.
WARNING: [Route 35-198] Port "INPUT_STREAM_TDATA[24]" does not have an associated HD.PARTPIN_LOCS, which will prevent the partial routing of the signal "INPUT_STREAM_TDATA[24]". Without this partial route, timing analysis to/from this port will not be accurate, and no routing information for this port can be exported.
WARNING: [Route 35-198] Port "INPUT_STREAM_TDATA[27]" does not have an associated HD.PARTPIN_LOCS, which will prevent the partial routing of the signal "INPUT_STREAM_TDATA[27]". Without this partial route, timing analysis to/from this port will not be accurate, and no routing information for this port can be exported.
WARNING: [Route 35-198] Port "INPUT_STREAM_TDATA[28]" does not have an associated HD.PARTPIN_LOCS, which will prevent the partial routing of the signal "INPUT_STREAM_TDATA[28]". Without this partial route, timing analysis to/from this port will not be accurate, and no routing information for this port can be exported.
Phase 1 Build RT Design | Checksum: de650a9a

Time (s): cpu = 00:00:31 ; elapsed = 00:00:27 . Memory (MB): peak = 1144.863 ; gain = 89.512

Phase 2 Router Initialization

Phase 2.1 Create Timer
Phase 2.1 Create Timer | Checksum: de650a9a

Time (s): cpu = 00:00:31 ; elapsed = 00:00:27 . Memory (MB): peak = 1147.633 ; gain = 92.281

Phase 2.2 Pre Route Cleanup
Phase 2.2 Pre Route Cleanup | Checksum: de650a9a

Time (s): cpu = 00:00:31 ; elapsed = 00:00:27 . Memory (MB): peak = 1154.707 ; gain = 99.355
 Number of Nodes with overlaps = 0

Phase 2.3 Update Timing
Phase 2.3 Update Timing | Checksum: 1bccf17cf

Time (s): cpu = 00:00:34 ; elapsed = 00:00:29 . Memory (MB): peak = 1160.379 ; gain = 105.027
INFO: [Route 35-416] Intermediate Timing Summary | WNS=1.384  | TNS=0.000  | WHS=-0.199 | THS=-58.969|

Phase 2 Router Initialization | Checksum: 1484babc6

Time (s): cpu = 00:00:36 ; elapsed = 00:00:30 . Memory (MB): peak = 1174.387 ; gain = 119.035

Phase 3 Initial Routing
Phase 3 Initial Routing | Checksum: 185970005

Time (s): cpu = 00:00:37 ; elapsed = 00:00:30 . Memory (MB): peak = 1174.387 ; gain = 119.035

Phase 4 Rip-up And Reroute

Phase 4.1 Global Iteration 0
 Number of Nodes with overlaps = 469
 Number of Nodes with overlaps = 2
 Number of Nodes with overlaps = 0

Phase 4.1.1 Update Timing
Phase 4.1.1 Update Timing | Checksum: 16caeac3a

Time (s): cpu = 00:00:40 ; elapsed = 00:00:32 . Memory (MB): peak = 1174.387 ; gain = 119.035
INFO: [Route 35-416] Intermediate Timing Summary | WNS=1.207  | TNS=0.000  | WHS=N/A    | THS=N/A    |

Phase 4.1 Global Iteration 0 | Checksum: 2a7d979f7

Time (s): cpu = 00:00:40 ; elapsed = 00:00:32 . Memory (MB): peak = 1174.387 ; gain = 119.035
Phase 4 Rip-up And Reroute | Checksum: 2a7d979f7

Time (s): cpu = 00:00:40 ; elapsed = 00:00:32 . Memory (MB): peak = 1174.387 ; gain = 119.035

Phase 5 Delay and Skew Optimization

Phase 5.1 Delay CleanUp

Phase 5.1.1 Update Timing
Phase 5.1.1 Update Timing | Checksum: 29a078ea5

Time (s): cpu = 00:00:40 ; elapsed = 00:00:32 . Memory (MB): peak = 1174.387 ; gain = 119.035
INFO: [Route 35-416] Intermediate Timing Summary | WNS=1.276  | TNS=0.000  | WHS=N/A    | THS=N/A    |

Phase 5.1 Delay CleanUp | Checksum: 29a078ea5

Time (s): cpu = 00:00:40 ; elapsed = 00:00:32 . Memory (MB): peak = 1174.387 ; gain = 119.035

Phase 5.2 Clock Skew Optimization
Phase 5.2 Clock Skew Optimization | Checksum: 29a078ea5

Time (s): cpu = 00:00:40 ; elapsed = 00:00:32 . Memory (MB): peak = 1174.387 ; gain = 119.035
Phase 5 Delay and Skew Optimization | Checksum: 29a078ea5

Time (s): cpu = 00:00:40 ; elapsed = 00:00:32 . Memory (MB): peak = 1174.387 ; gain = 119.035

Phase 6 Post Hold Fix

Phase 6.1 Update Timing
Phase 6.1 Update Timing | Checksum: 26c253350

Time (s): cpu = 00:00:41 ; elapsed = 00:00:33 . Memory (MB): peak = 1174.387 ; gain = 119.035
INFO: [Route 35-416] Intermediate Timing Summary | WNS=1.276  | TNS=0.000  | WHS=0.036  | THS=0.000  |

Phase 6 Post Hold Fix | Checksum: 2c76b5d04

Time (s): cpu = 00:00:41 ; elapsed = 00:00:33 . Memory (MB): peak = 1174.387 ; gain = 119.035

Phase 7 Route finalize

Router Utilization Summary
  Global Vertical Routing Utilization    = 1.17267 %
  Global Horizontal Routing Utilization  = 1.89097 %
  Routable Net Status*
  *Does not include unroutable nets such as driverless and loadless.
  Run report_route_status for detailed report.
  Number of Failed Nets               = 0
  Number of Unrouted Nets             = 0
  Number of Partially Routed Nets     = 0
  Number of Node Overlaps             = 0

Phase 7 Route finalize | Checksum: 2141ef6cb

Time (s): cpu = 00:00:41 ; elapsed = 00:00:33 . Memory (MB): peak = 1174.387 ; gain = 119.035

Phase 8 Verifying routed nets

 Verification completed successfully
Phase 8 Verifying routed nets | Checksum: 2141ef6cb

Time (s): cpu = 00:00:41 ; elapsed = 00:00:33 . Memory (MB): peak = 1174.387 ; gain = 119.035

Phase 9 Depositing Routes
Phase 9 Depositing Routes | Checksum: 1b4633b70

Time (s): cpu = 00:00:41 ; elapsed = 00:00:33 . Memory (MB): peak = 1174.387 ; gain = 119.035

Phase 10 Post Router Timing
INFO: [Route 35-57] Estimated Timing Summary | WNS=1.276  | TNS=0.000  | WHS=0.036  | THS=0.000  |

INFO: [Route 35-327] The final timing numbers are based on the router estimated timing analysis. For a complete and accurate timing signoff, please run report_timing_summary.
Phase 10 Post Router Timing | Checksum: 1b4633b70

Time (s): cpu = 00:00:41 ; elapsed = 00:00:33 . Memory (MB): peak = 1174.387 ; gain = 119.035
INFO: [Route 35-16] Router Completed Successfully

Time (s): cpu = 00:00:41 ; elapsed = 00:00:33 . Memory (MB): peak = 1174.387 ; gain = 119.035

Routing Is Done.
INFO: [Common 17-83] Releasing license: Implementation
59 Infos, 54 Warnings, 0 Critical Warnings and 0 Errors encountered.
route_design completed successfully
route_design: Time (s): cpu = 00:00:43 ; elapsed = 00:00:35 . Memory (MB): peak = 1174.387 ; gain = 119.035
Writing placer database...
Writing XDEF routing.
Writing XDEF routing logical nets.
Writing XDEF routing special nets.
Write XDEF Complete: Time (s): cpu = 00:00:02 ; elapsed = 00:00:00.858 . Memory (MB): peak = 1174.387 ; gain = 0.000
INFO: [DRC 23-27] Running DRC with 2 threads
INFO: [Coretcl 2-168] The results of DRC are in file C:/Users/Hanyan/Desktop/board2/microzed_axis/solution1/impl/verilog/project.runs/impl_1/HLS_hmm_drc_routed.rpt.
INFO: [Timing 38-91] UpdateTimingParams: Speed grade: -1, Delay Type: min_max.
INFO: [Timing 38-191] Multithreading enabled for timing update using a maximum of 2 CPUs
Running Vector-less Activity Propagation...

Finished Running Vector-less Activity Propagation
INFO: [Common 17-206] Exiting Vivado at Sat Aug 19 13:46:27 2017...
